Started GET "/" for ::1 at 2020-03-19 14:06:20 -0700

PG::ConnectionBad - FATAL:  database "Routes_Controllers_development" does not exist
:

Started POST "/__better_errors/3ab51f3cb0f6d486/variables" for ::1 at 2020-03-19 14:06:21 -0700
Started GET "/" for ::1 at 2020-03-19 14:56:09 -0700

PG::ConnectionBad - FATAL:  database "Routes_Controllers_development" does not exist
:

Started POST "/__better_errors/3548217a5a6551f7/variables" for ::1 at 2020-03-19 14:56:10 -0700
Started GET "/" for ::1 at 2020-03-19 14:59:41 -0700

PG::ConnectionBad - FATAL:  database "Routes_Controllers_development" does not exist
:

  [1m[35m (1309.1ms)[0m  [1m[35mCREATE DATABASE "Routes_Controllers_development" ENCODING = 'unicode'[0m
  ↳ bin/rails:9
  [1m[35m (431.7ms)[0m  [1m[35mCREATE DATABASE "Routes_Controllers_test" ENCODING = 'unicode'[0m
  ↳ bin/rails:9
Started GET "/" for ::1 at 2020-03-19 15:03:17 -0700
Processing by Rails::WelcomeController#index as */*
  Rendering /Users/jamesjiang/.rbenv/versions/2.5.1/lib/ruby/gems/2.5.0/gems/railties-5.2.4.2/lib/rails/templates/rails/welcome/index.html.erb
  Rendered /Users/jamesjiang/.rbenv/versions/2.5.1/lib/ruby/gems/2.5.0/gems/railties-5.2.4.2/lib/rails/templates/rails/welcome/index.html.erb (82.1ms)
Completed 200 OK in 667ms (Views: 264.0ms | ActiveRecord: 0.0ms)


Started GET "/" for ::1 at 2020-03-19 15:05:37 -0700
Processing by Rails::WelcomeController#index as */*
  Rendering /Users/jamesjiang/.rbenv/versions/2.5.1/lib/ruby/gems/2.5.0/gems/railties-5.2.4.2/lib/rails/templates/rails/welcome/index.html.erb
  Rendered /Users/jamesjiang/.rbenv/versions/2.5.1/lib/ruby/gems/2.5.0/gems/railties-5.2.4.2/lib/rails/templates/rails/welcome/index.html.erb (88.3ms)
Completed 200 OK in 713ms (Views: 310.2ms | ActiveRecord: 0.0ms)


Started GET "/users" for ::1 at 2020-03-19 15:07:14 -0700
  
ActionController::RoutingError (No route matches [GET] "/users"):
  
actionpack (5.2.4.2) lib/action_dispatch/middleware/debug_exceptions.rb:65:in `call'
web-console (3.7.0) lib/web_console/middleware.rb:135:in `call_app'
web-console (3.7.0) lib/web_console/middleware.rb:30:in `block in call'
web-console (3.7.0) lib/web_console/middleware.rb:20:in `catch'
web-console (3.7.0) lib/web_console/middleware.rb:20:in `call'
actionpack (5.2.4.2) lib/action_dispatch/middleware/show_exceptions.rb:33:in `call'
railties (5.2.4.2) lib/rails/rack/logger.rb:38:in `call_app'
railties (5.2.4.2) lib/rails/rack/logger.rb:26:in `block in call'
activesupport (5.2.4.2) lib/active_support/tagged_logging.rb:71:in `block in tagged'
activesupport (5.2.4.2) lib/active_support/tagged_logging.rb:28:in `tagged'
activesupport (5.2.4.2) lib/active_support/tagged_logging.rb:71:in `tagged'
railties (5.2.4.2) lib/rails/rack/logger.rb:26:in `call'
sprockets-rails (3.2.1) lib/sprockets/rails/quiet_assets.rb:13:in `call'
actionpack (5.2.4.2) lib/action_dispatch/middleware/remote_ip.rb:81:in `call'
actionpack (5.2.4.2) lib/action_dispatch/middleware/request_id.rb:27:in `call'
rack (2.2.2) lib/rack/method_override.rb:24:in `call'
rack (2.2.2) lib/rack/runtime.rb:22:in `call'
activesupport (5.2.4.2) lib/active_support/cache/strategy/local_cache_middleware.rb:29:in `call'
actionpack (5.2.4.2) lib/action_dispatch/middleware/executor.rb:14:in `call'
actionpack (5.2.4.2) lib/action_dispatch/middleware/static.rb:127:in `call'
rack (2.2.2) lib/rack/sendfile.rb:110:in `call'
railties (5.2.4.2) lib/rails/engine.rb:524:in `call'
puma (3.12.4) lib/puma/configuration.rb:227:in `call'
puma (3.12.4) lib/puma/server.rb:675:in `handle_request'
puma (3.12.4) lib/puma/server.rb:476:in `process_client'
puma (3.12.4) lib/puma/server.rb:334:in `block in run'
puma (3.12.4) lib/puma/thread_pool.rb:135:in `block in spawn_thread'
Started GET "/users" for ::1 at 2020-03-19 15:12:57 -0700
Processing by UsersController#index as */*
Completed 500 Internal Server Error in 87ms (ActiveRecord: 0.0ms)



NameError - uninitialized constant UsersController::User:
  app/controllers/users_controller.rb:4:in `index'

Started GET "/users" for ::1 at 2020-03-19 15:15:21 -0700
Processing by UsersController#index as */*
No template found for UsersController#index, rendering head :no_content
Completed 204 No Content in 2340ms (ActiveRecord: 0.0ms)


Started GET "/users" for ::1 at 2020-03-19 15:18:03 -0700
Processing by UsersController#index as */*
  Rendering text template
  Rendered text template (0.2ms)
Completed 200 OK in 191ms (Views: 126.0ms | ActiveRecord: 0.0ms)


Started GET "/users?fav_food=pizza" for ::1 at 2020-03-19 15:19:52 -0700
Processing by UsersController#index as */*
  Parameters: {"fav_food"=>"pizza"}
No template found for UsersController#index, rendering head :no_content
Completed 204 No Content in 585ms (ActiveRecord: 0.0ms)


Started POST "/users" for ::1 at 2020-03-19 15:21:50 -0700
Processing by UsersController#create as */*
  Parameters: {"fav_food"=>"pizza"}
Completed 500 Internal Server Error in 90ms (ActiveRecord: 0.0ms)



NameError - uninitialized constant UsersController::User:
  app/controllers/users_controller.rb:10:in `create'

Started POST "/users" for ::1 at 2020-03-19 15:23:19 -0700
Processing by UsersController#create as */*
  Parameters: {"fav_food"=>"pizza"}
Completed 500 Internal Server Error in 312ms (ActiveRecord: 0.0ms)



NameError - uninitialized constant UsersController::User:
  app/controllers/users_controller.rb:10:in `create'

Started POST "/users" for ::1 at 2020-03-19 15:25:29 -0700
Processing by UsersController#create as */*
  Parameters: {"fav_food"=>"pizza"}
Completed 200 OK in 3ms (Views: 1.9ms | ActiveRecord: 0.0ms)


Started GET "/users/2" for ::1 at 2020-03-19 15:26:48 -0700
Processing by UsersController#show as */*
  Parameters: {"id"=>"2"}
Completed 500 Internal Server Error in 26ms (ActiveRecord: 0.0ms)



NameError - uninitialized constant UsersController::User:
  app/controllers/users_controller.rb:21:in `show'

  [1m[35m (119.0ms)[0m  [1m[35mCREATE TABLE "schema_migrations" ("version" character varying NOT NULL PRIMARY KEY)[0m
  ↳ bin/rails:9
  [1m[35m (40.7ms)[0m  [1m[35mCREATE TABLE "ar_internal_metadata" ("key" character varying NOT NULL PRIMARY KEY, "value" character varying, "created_at" timestamp NOT NULL, "updated_at" timestamp NOT NULL)[0m
  ↳ bin/rails:9
  [1m[35m (15.1ms)[0m  [1m[34mSELECT pg_try_advisory_lock(8323483408026129630)[0m
  ↳ bin/rails:9
  [1m[35m (3.4ms)[0m  [1m[34mSELECT "schema_migrations"."version" FROM "schema_migrations" ORDER BY "schema_migrations"."version" ASC[0m
  ↳ bin/rails:9
Migrating to CreateUsers (20200319223017)
  [1m[35m (5.9ms)[0m  [1m[35mBEGIN[0m
  ↳ bin/rails:9
  [1m[35m (0.8ms)[0m  [1m[31mROLLBACK[0m
  ↳ bin/rails:9
  [1m[35m (6.6ms)[0m  [1m[34mSELECT pg_advisory_unlock(8323483408026129630)[0m
  ↳ bin/rails:9
  [1m[35m (1.9ms)[0m  [1m[34mSELECT "schema_migrations"."version" FROM "schema_migrations" ORDER BY "schema_migrations"."version" ASC[0m
  ↳ bin/rails:9
  [1m[35m (0.3ms)[0m  [1m[34mSELECT "schema_migrations"."version" FROM "schema_migrations" ORDER BY "schema_migrations"."version" ASC[0m
  ↳ bin/rails:9
  [1m[35m (8.8ms)[0m  [1m[34mSELECT pg_try_advisory_lock(8323483408026129630)[0m
  ↳ bin/rails:9
  [1m[35m (0.7ms)[0m  [1m[34mSELECT "schema_migrations"."version" FROM "schema_migrations" ORDER BY "schema_migrations"."version" ASC[0m
  ↳ bin/rails:9
  [1m[35m (0.4ms)[0m  [1m[34mSELECT pg_advisory_unlock(8323483408026129630)[0m
  ↳ bin/rails:9
  [1m[35m (0.3ms)[0m  [1m[34mSELECT "schema_migrations"."version" FROM "schema_migrations" ORDER BY "schema_migrations"."version" ASC[0m
  ↳ bin/rails:9
  [1m[35m (3.8ms)[0m  [1m[34mSELECT pg_try_advisory_lock(8323483408026129630)[0m
  ↳ bin/rails:9
  [1m[35m (15.9ms)[0m  [1m[34mSELECT "schema_migrations"."version" FROM "schema_migrations" ORDER BY "schema_migrations"."version" ASC[0m
  ↳ bin/rails:9
Migrating to CreateUsers (20200319223017)
  [1m[35m (4.0ms)[0m  [1m[34mSELECT pg_advisory_unlock(8323483408026129630)[0m
  ↳ bin/rails:9
  [1m[35m (1.2ms)[0m  [1m[34mSELECT "schema_migrations"."version" FROM "schema_migrations" ORDER BY "schema_migrations"."version" ASC[0m
  ↳ bin/rails:9
  [1m[35m (0.4ms)[0m  [1m[34mSELECT pg_try_advisory_lock(8323483408026129630)[0m
  ↳ bin/rails:9
  [1m[35m (1.0ms)[0m  [1m[34mSELECT "schema_migrations"."version" FROM "schema_migrations" ORDER BY "schema_migrations"."version" ASC[0m
  ↳ bin/rails:9
Migrating to CreateUsers (20200319223017)
  [1m[35m (0.3ms)[0m  [1m[34mSELECT pg_advisory_unlock(8323483408026129630)[0m
  ↳ bin/rails:9
  [1m[35m (1.3ms)[0m  [1m[34mSELECT "schema_migrations"."version" FROM "schema_migrations" ORDER BY "schema_migrations"."version" ASC[0m
  ↳ bin/rails:9
  [1m[35m (0.4ms)[0m  [1m[34mSELECT "schema_migrations"."version" FROM "schema_migrations" ORDER BY "schema_migrations"."version" ASC[0m
  ↳ bin/rails:9
  [1m[35m (0.2ms)[0m  [1m[34mSELECT pg_try_advisory_lock(8323483408026129630)[0m
  ↳ bin/rails:9
  [1m[35m (0.4ms)[0m  [1m[34mSELECT "schema_migrations"."version" FROM "schema_migrations" ORDER BY "schema_migrations"."version" ASC[0m
  ↳ bin/rails:9
  [1m[35m (0.4ms)[0m  [1m[34mSELECT pg_advisory_unlock(8323483408026129630)[0m
  ↳ bin/rails:9
  [1m[35m (0.4ms)[0m  [1m[34mSELECT "schema_migrations"."version" FROM "schema_migrations" ORDER BY "schema_migrations"."version" ASC[0m
  ↳ bin/rails:9
  [1m[35m (0.3ms)[0m  [1m[34mSELECT pg_try_advisory_lock(8323483408026129630)[0m
  ↳ bin/rails:9
  [1m[35m (1.2ms)[0m  [1m[34mSELECT "schema_migrations"."version" FROM "schema_migrations" ORDER BY "schema_migrations"."version" ASC[0m
  ↳ bin/rails:9
Migrating to CreateUsers (20200319223017)
  [1m[35m (16.4ms)[0m  [1m[35mBEGIN[0m
  ↳ bin/rails:9
  [1m[35m (142.6ms)[0m  [1m[35mCREATE TABLE "users" ("id" bigserial primary key, "name" character varying, "email" character varying, "created_at" timestamp NOT NULL, "updated_at" timestamp NOT NULL)[0m
  ↳ db/migrate/20200319223017_create_users.rb:3
  [1m[36mActiveRecord::SchemaMigration Create (95.3ms)[0m  [1m[32mINSERT INTO "schema_migrations" ("version") VALUES ($1) RETURNING "version"[0m  [["version", "20200319223017"]]
  ↳ bin/rails:9
  [1m[35m (3.9ms)[0m  [1m[35mCOMMIT[0m
  ↳ bin/rails:9
Migrating to User (20200319223228)
  [1m[35m (6.3ms)[0m  [1m[35mBEGIN[0m
  ↳ bin/rails:9
  [1m[36mActiveRecord::SchemaMigration Create (16.6ms)[0m  [1m[32mINSERT INTO "schema_migrations" ("version") VALUES ($1) RETURNING "version"[0m  [["version", "20200319223228"]]
  ↳ bin/rails:9
  [1m[35m (5.5ms)[0m  [1m[35mCOMMIT[0m
  ↳ bin/rails:9
  [1m[36mActiveRecord::InternalMetadata Load (12.5ms)[0m  [1m[34mSELECT  "ar_internal_metadata".* FROM "ar_internal_metadata" WHERE "ar_internal_metadata"."key" = $1 LIMIT $2[0m  [["key", "environment"], ["LIMIT", 1]]
  ↳ bin/rails:9
  [1m[35m (0.2ms)[0m  [1m[35mBEGIN[0m
  ↳ bin/rails:9
  [1m[36mActiveRecord::InternalMetadata Create (17.1ms)[0m  [1m[32mINSERT INTO "ar_internal_metadata" ("key", "value", "created_at", "updated_at") VALUES ($1, $2, $3, $4) RETURNING "key"[0m  [["key", "environment"], ["value", "development"], ["created_at", "2020-03-19 23:09:08.874623"], ["updated_at", "2020-03-19 23:09:08.874623"]]
  ↳ bin/rails:9
  [1m[35m (5.8ms)[0m  [1m[35mCOMMIT[0m
  ↳ bin/rails:9
  [1m[35m (0.5ms)[0m  [1m[34mSELECT pg_advisory_unlock(8323483408026129630)[0m
  ↳ bin/rails:9
  [1m[35m (6.7ms)[0m  [1m[34mSELECT "schema_migrations"."version" FROM "schema_migrations" ORDER BY "schema_migrations"."version" ASC[0m
  ↳ bin/rails:9
  [1m[35m (1.7ms)[0m  [1m[34mSELECT "schema_migrations"."version" FROM "schema_migrations" ORDER BY "schema_migrations"."version" ASC[0m
  ↳ bin/rails:9
  [1m[35m (0.4ms)[0m  [1m[35mBEGIN[0m
  [1m[36mUser Create (23.9ms)[0m  [1m[32mINSERT INTO "users" ("name", "email", "created_at", "updated_at") VALUES ($1, $2, $3, $4) RETURNING "id"[0m  [["name", "name1"], ["email", "email1"], ["created_at", "2020-03-19 23:12:21.660220"], ["updated_at", "2020-03-19 23:12:21.660220"]]
  [1m[35m (63.7ms)[0m  [1m[35mCOMMIT[0m
  [1m[35m (2.9ms)[0m  [1m[35mBEGIN[0m
  [1m[36mUser Create (0.8ms)[0m  [1m[32mINSERT INTO "users" ("name", "email", "created_at", "updated_at") VALUES ($1, $2, $3, $4) RETURNING "id"[0m  [["name", "name2"], ["email", "email2"], ["created_at", "2020-03-19 23:12:26.196852"], ["updated_at", "2020-03-19 23:12:26.196852"]]
  [1m[35m (11.6ms)[0m  [1m[35mCOMMIT[0m
Started GET "/users" for ::1 at 2020-03-19 16:12:57 -0700
  [1m[35m (5.2ms)[0m  [1m[34mSELECT "schema_migrations"."version" FROM "schema_migrations" ORDER BY "schema_migrations"."version" ASC[0m
  ↳ /Users/jamesjiang/.rbenv/versions/2.5.1/lib/ruby/gems/2.5.0/gems/activerecord-5.2.4.2/lib/active_record/log_subscriber.rb:98
Processing by UsersController#index as */*
  [1m[36mUser Load (70.7ms)[0m  [1m[34mSELECT "users".* FROM "users"[0m
  ↳ app/controllers/users_controller.rb:5
Completed 200 OK in 363ms (Views: 52.6ms | ActiveRecord: 154.9ms)


Started POST "/users?name=name3&email=email3" for ::1 at 2020-03-19 16:17:00 -0700
Processing by UsersController#create as */*
  Parameters: {"name"=>"name3", "email"=>"email3"}
Completed 400 Bad Request in 184ms (ActiveRecord: 0.0ms)



ActionController::ParameterMissing - param is missing or the value is empty: user:
  app/controllers/users_controller.rb:60:in `user_params'
  app/controllers/users_controller.rb:9:in `create'

Started POST "/users?name=name3&email=email3" for ::1 at 2020-03-19 16:18:13 -0700
Processing by UsersController#create as */*
  Parameters: {"name"=>"name3", "email"=>"email3"}
Completed 400 Bad Request in 155ms (ActiveRecord: 0.0ms)



ActionController::ParameterMissing - param is missing or the value is empty: user:
  app/controllers/users_controller.rb:60:in `user_params'
  app/controllers/users_controller.rb:9:in `create'

Started POST "/users?name=name3&email=email3" for ::1 at 2020-03-19 16:19:00 -0700
Processing by UsersController#create as */*
  Parameters: {"name"=>"name3", "email"=>"email3"}
Completed 500 Internal Server Error in 148ms (ActiveRecord: 0.0ms)



ArgumentError - wrong number of arguments (given 3, expected 1):
  app/controllers/users_controller.rb:60:in `user_params'
  app/controllers/users_controller.rb:9:in `create'

Started POST "/users?name=name3&email=email3" for ::1 at 2020-03-19 16:19:17 -0700

SyntaxError - syntax error, unexpected ',', expecting =>
        params.require({:user, :name, :email})
                             ^:
  app/controllers/users_controller.rb:60:in `'

Started POST "/users?name=name3&email=email3" for ::1 at 2020-03-19 16:20:00 -0700
Processing by UsersController#create as */*
  Parameters: {"name"=>"name3", "email"=>"email3"}
Completed 500 Internal Server Error in 445ms (ActiveRecord: 216.9ms)



ActiveModel::ForbiddenAttributesError - ActiveModel::ForbiddenAttributesError:
  app/controllers/users_controller.rb:9:in `create'

Started POST "/users?name=name3&email=email3" for ::1 at 2020-03-19 16:21:05 -0700
Processing by UsersController#create as */*
  Parameters: {"name"=>"name3", "email"=>"email3"}
Completed 400 Bad Request in 264ms (ActiveRecord: 0.0ms)



ActionController::ParameterMissing - param is missing or the value is empty: user:
  app/controllers/users_controller.rb:60:in `user_params'
  app/controllers/users_controller.rb:9:in `create'

Started POST "/users?name=name3&email=email3" for ::1 at 2020-03-19 16:22:07 -0700
Processing by UsersController#create as */*
  Parameters: {"name"=>"name3", "email"=>"email3"}
Completed 500 Internal Server Error in 105ms (ActiveRecord: 0.0ms)



ArgumentError - wrong number of arguments (given 2, expected 1):
  app/controllers/users_controller.rb:60:in `user_params'
  app/controllers/users_controller.rb:9:in `create'

Started POST "/users?name=name3&email=email3" for ::1 at 2020-03-19 16:24:14 -0700
Processing by UsersController#create as */*
  Parameters: {"name"=>"name3", "email"=>"email3"}
Completed 500 Internal Server Error in 264ms (ActiveRecord: 0.0ms)



NoMethodError - undefined method `permit' for "name3":String:
  app/controllers/users_controller.rb:60:in `user_params'
  app/controllers/users_controller.rb:9:in `create'

Started POST "/users?name=name3&email=email3" for ::1 at 2020-03-19 16:24:55 -0700
Processing by UsersController#create as */*
  Parameters: {"name"=>"name3", "email"=>"email3"}
Completed 500 Internal Server Error in 103ms (ActiveRecord: 0.0ms)



NoMethodError - undefined method `permit' for "name3":String:
  app/controllers/users_controller.rb:60:in `user_params'
  app/controllers/users_controller.rb:9:in `create'

Started POST "/users?name=name3&email=email3" for ::1 at 2020-03-19 16:29:09 -0700
Processing by UsersController#create as */*
  Parameters: {"name"=>"name3", "email"=>"email3"}
Completed 400 Bad Request in 158ms (ActiveRecord: 0.0ms)



ActionController::ParameterMissing - param is missing or the value is empty: id:
  app/controllers/users_controller.rb:60:in `user_params'
  app/controllers/users_controller.rb:9:in `create'

Started POST "/users?name=name3&email=email3" for ::1 at 2020-03-19 16:29:42 -0700
Processing by UsersController#create as */*
  Parameters: {"name"=>"name3", "email"=>"email3"}
Completed 400 Bad Request in 12ms (ActiveRecord: 0.0ms)



ActionController::ParameterMissing - param is missing or the value is empty: user:
  app/controllers/users_controller.rb:60:in `user_params'
  app/controllers/users_controller.rb:9:in `create'

  [1m[35m (0.3ms)[0m  [1m[34mSELECT pg_try_advisory_lock(8323483408026129630)[0m
  ↳ bin/rails:9
  [1m[35m (1.0ms)[0m  [1m[34mSELECT "schema_migrations"."version" FROM "schema_migrations" ORDER BY "schema_migrations"."version" ASC[0m
  ↳ bin/rails:9
Migrating to ChangeColumnDataType (20200319233254)
  [1m[35m (1.4ms)[0m  [1m[35mBEGIN[0m
  ↳ bin/rails:9
  [1m[36mActiveRecord::SchemaMigration Create (7.1ms)[0m  [1m[32mINSERT INTO "schema_migrations" ("version") VALUES ($1) RETURNING "version"[0m  [["version", "20200319233254"]]
  ↳ bin/rails:9
  [1m[35m (6.7ms)[0m  [1m[35mCOMMIT[0m
  ↳ bin/rails:9
  [1m[36mActiveRecord::InternalMetadata Load (3.6ms)[0m  [1m[34mSELECT  "ar_internal_metadata".* FROM "ar_internal_metadata" WHERE "ar_internal_metadata"."key" = $1 LIMIT $2[0m  [["key", "environment"], ["LIMIT", 1]]
  ↳ bin/rails:9
  [1m[35m (0.2ms)[0m  [1m[35mBEGIN[0m
  ↳ bin/rails:9
  [1m[35m (0.2ms)[0m  [1m[35mCOMMIT[0m
  ↳ bin/rails:9
  [1m[35m (0.5ms)[0m  [1m[34mSELECT pg_advisory_unlock(8323483408026129630)[0m
  ↳ bin/rails:9
  [1m[35m (0.3ms)[0m  [1m[34mSELECT "schema_migrations"."version" FROM "schema_migrations" ORDER BY "schema_migrations"."version" ASC[0m
  ↳ bin/rails:9
  [1m[35m (1.0ms)[0m  [1m[34mSELECT "schema_migrations"."version" FROM "schema_migrations" ORDER BY "schema_migrations"."version" ASC[0m
  ↳ bin/rails:9
Started POST "/users?name=name3&email=email3" for ::1 at 2020-03-19 16:36:00 -0700
  [1m[35m (7.4ms)[0m  [1m[34mSELECT "schema_migrations"."version" FROM "schema_migrations" ORDER BY "schema_migrations"."version" ASC[0m
  ↳ /Users/jamesjiang/.rbenv/versions/2.5.1/lib/ruby/gems/2.5.0/gems/activerecord-5.2.4.2/lib/active_record/log_subscriber.rb:98
Processing by UsersController#create as */*
  Parameters: {"name"=>"name3", "email"=>"email3"}
Completed 400 Bad Request in 72ms (ActiveRecord: 0.0ms)



ActionController::ParameterMissing - param is missing or the value is empty: user:
  app/controllers/users_controller.rb:60:in `user_params'
  app/controllers/users_controller.rb:9:in `create'

Started POST "/users?name=name3&email=email3" for ::1 at 2020-03-19 16:36:30 -0700
Processing by UsersController#create as */*
  Parameters: {"name"=>"name3", "email"=>"email3"}
Completed 500 Internal Server Error in 81ms (ActiveRecord: 0.0ms)



NoMethodError - undefined method `permit' for "name3":String:
  app/controllers/users_controller.rb:60:in `user_params'
  app/controllers/users_controller.rb:9:in `create'

Started POST "/users?name=name3&email=email3" for ::1 at 2020-03-19 16:40:47 -0700
Processing by UsersController#create as */*
  Parameters: {"name"=>"name3", "email"=>"email3"}
Completed 400 Bad Request in 90ms (ActiveRecord: 0.0ms)



ActionController::ParameterMissing - param is missing or the value is empty: user:
  app/controllers/users_controller.rb:60:in `user_params'
  app/controllers/users_controller.rb:9:in `create'

Started POST "/users?user[name]=name3&user[email]=email3" for ::1 at 2020-03-19 16:44:39 -0700
Processing by UsersController#create as */*
  Parameters: {"user"=>{"name"=>"name3", "email"=>"email3"}}
  [1m[35m (0.4ms)[0m  [1m[35mBEGIN[0m
  ↳ app/controllers/users_controller.rb:11
  [1m[36mUser Create (21.3ms)[0m  [1m[32mINSERT INTO "users" ("name", "email", "created_at", "updated_at") VALUES ($1, $2, $3, $4) RETURNING "id"[0m  [["name", "name3"], ["email", "email3"], ["created_at", "2020-03-19 23:44:41.207661"], ["updated_at", "2020-03-19 23:44:41.207661"]]
  ↳ app/controllers/users_controller.rb:11
  [1m[35m (15.2ms)[0m  [1m[35mCOMMIT[0m
  ↳ app/controllers/users_controller.rb:11
Redirected to http://localhost:3000/users/3
Completed 302 Found in 558ms (ActiveRecord: 82.2ms)


Started GET "/users/3" for ::1 at 2020-03-19 16:44:41 -0700
Processing by UsersController#show as */*
  Parameters: {"id"=>"3"}
  [1m[36mUser Load (1.9ms)[0m  [1m[34mSELECT  "users".* FROM "users" WHERE "users"."id" = $1 LIMIT $2[0m  [["id", 3], ["LIMIT", 1]]
  ↳ app/controllers/users_controller.rb:20
Completed 200 OK in 329ms (Views: 6.8ms | ActiveRecord: 52.2ms)


Started GET "/users/new" for ::1 at 2020-03-19 16:49:50 -0700
Processing by UsersController#new as */*
Completed 200 OK in 228ms (Views: 28.3ms | ActiveRecord: 0.0ms)


Started POST "/users?user[name]=name4&user[email]" for ::1 at 2020-03-19 16:50:50 -0700
Processing by UsersController#create as */*
  Parameters: {"user"=>{"name"=>"name4", "email"=>nil}}
  [1m[35m (74.2ms)[0m  [1m[35mBEGIN[0m
  ↳ app/controllers/users_controller.rb:11
  [1m[36mUser Create (11.2ms)[0m  [1m[32mINSERT INTO "users" ("name", "created_at", "updated_at") VALUES ($1, $2, $3) RETURNING "id"[0m  [["name", "name4"], ["created_at", "2020-03-19 23:50:51.100924"], ["updated_at", "2020-03-19 23:50:51.100924"]]
  ↳ app/controllers/users_controller.rb:11
  [1m[35m (21.0ms)[0m  [1m[35mCOMMIT[0m
  ↳ app/controllers/users_controller.rb:11
Redirected to http://localhost:3000/users/4
Completed 302 Found in 194ms (ActiveRecord: 106.4ms)


Started GET "/users/4" for ::1 at 2020-03-19 16:50:51 -0700
Processing by UsersController#show as */*
  Parameters: {"id"=>"4"}
  [1m[36mUser Load (1.8ms)[0m  [1m[34mSELECT  "users".* FROM "users" WHERE "users"."id" = $1 LIMIT $2[0m  [["id", 4], ["LIMIT", 1]]
  ↳ app/controllers/users_controller.rb:20
Completed 200 OK in 78ms (Views: 7.7ms | ActiveRecord: 1.8ms)


Started POST "/users?user[name]=name4&user[email]&user[age]=99" for ::1 at 2020-03-19 16:51:43 -0700
Processing by UsersController#create as */*
  Parameters: {"user"=>{"name"=>"name4", "email"=>nil, "age"=>"99"}}
Unpermitted parameter: :age
  [1m[35m (62.1ms)[0m  [1m[35mBEGIN[0m
  ↳ app/controllers/users_controller.rb:11
  [1m[36mUser Create (1.2ms)[0m  [1m[32mINSERT INTO "users" ("name", "created_at", "updated_at") VALUES ($1, $2, $3) RETURNING "id"[0m  [["name", "name4"], ["created_at", "2020-03-19 23:51:43.914292"], ["updated_at", "2020-03-19 23:51:43.914292"]]
  ↳ app/controllers/users_controller.rb:11
  [1m[35m (13.9ms)[0m  [1m[35mCOMMIT[0m
  ↳ app/controllers/users_controller.rb:11
Redirected to http://localhost:3000/users/5
Completed 302 Found in 147ms (ActiveRecord: 77.3ms)


Started GET "/users/5" for ::1 at 2020-03-19 16:51:43 -0700
Processing by UsersController#show as */*
  Parameters: {"id"=>"5"}
  [1m[36mUser Load (0.8ms)[0m  [1m[34mSELECT  "users".* FROM "users" WHERE "users"."id" = $1 LIMIT $2[0m  [["id", 5], ["LIMIT", 1]]
  ↳ app/controllers/users_controller.rb:20
Completed 200 OK in 23ms (Views: 17.3ms | ActiveRecord: 0.8ms)


Started GET "/users" for ::1 at 2020-03-19 16:52:00 -0700
Processing by UsersController#index as */*
  [1m[36mUser Load (25.6ms)[0m  [1m[34mSELECT "users".* FROM "users"[0m
  ↳ app/controllers/users_controller.rb:5
Completed 200 OK in 47ms (Views: 20.1ms | ActiveRecord: 25.6ms)


Started POST "/users?user[name]=name5" for ::1 at 2020-03-19 16:54:02 -0700
Processing by UsersController#create as */*
  Parameters: {"user"=>{"name"=>"name5"}}
  [1m[35m (11.6ms)[0m  [1m[35mBEGIN[0m
  ↳ app/controllers/users_controller.rb:11
  [1m[36mUser Create (11.2ms)[0m  [1m[32mINSERT INTO "users" ("name", "created_at", "updated_at") VALUES ($1, $2, $3) RETURNING "id"[0m  [["name", "name5"], ["created_at", "2020-03-19 23:54:02.229331"], ["updated_at", "2020-03-19 23:54:02.229331"]]
  ↳ app/controllers/users_controller.rb:11
  [1m[35m (24.5ms)[0m  [1m[35mCOMMIT[0m
  ↳ app/controllers/users_controller.rb:11
Redirected to http://localhost:3000/users/6
Completed 302 Found in 84ms (ActiveRecord: 47.3ms)


Started GET "/users/6" for ::1 at 2020-03-19 16:54:02 -0700
Processing by UsersController#show as */*
  Parameters: {"id"=>"6"}
  [1m[36mUser Load (5.0ms)[0m  [1m[34mSELECT  "users".* FROM "users" WHERE "users"."id" = $1 LIMIT $2[0m  [["id", 6], ["LIMIT", 1]]
  ↳ app/controllers/users_controller.rb:20
Completed 200 OK in 84ms (Views: 8.7ms | ActiveRecord: 50.8ms)


  [1m[35m (0.2ms)[0m  [1m[35mBEGIN[0m
  [1m[36mUser Create (11.8ms)[0m  [1m[32mINSERT INTO "users" ("name", "created_at", "updated_at") VALUES ($1, $2, $3) RETURNING "id"[0m  [["name", "asdf"], ["created_at", "2020-03-19 23:57:17.743047"], ["updated_at", "2020-03-19 23:57:17.743047"]]
  [1m[35m (14.1ms)[0m  [1m[35mCOMMIT[0m
  [1m[35m (6.0ms)[0m  [1m[35mBEGIN[0m
  [1m[35m (17.9ms)[0m  [1m[31mROLLBACK[0m
Started POST "/users?user[name]=name6" for ::1 at 2020-03-19 16:59:10 -0700
Processing by UsersController#create as */*
  Parameters: {"user"=>{"name"=>"name6"}}
  [1m[35m (21.7ms)[0m  [1m[35mBEGIN[0m
  ↳ app/controllers/users_controller.rb:11
  [1m[35m (0.3ms)[0m  [1m[31mROLLBACK[0m
  ↳ app/controllers/users_controller.rb:11
Completed 422 Unprocessable Entity in 617ms (Views: 26.0ms | ActiveRecord: 134.7ms)


